<?xml version="1.0" encoding="UTF-8"?>
<testsuite xmlns:xsi="http://www.w3.org/2001/XMLSchema-instance" xsi:noNamespaceSchemaLocation="https://maven.apache.org/surefire/maven-surefire-plugin/xsd/surefire-test-report.xsd" name="com.finartz.RestApp.RestAppApplicationTests" time="0.242" tests="1" errors="1" skipped="0" failures="0">
  <properties>
[...]
</properties>
  <testcase name="com.finartz.RestApp.RestAppApplicationTests" classname="com.finartz.RestApp.RestAppApplicationTests" time="0.241">
    <error message="Failed to read candidate component class: file [C:\Users\OZAN\Documents\RestApp\RestApp\target\classes\com\finartz\RestApp\RestAppApplication.class]; nested exception is org.springframework.core.annotation.AnnotationConfigurationException: Attribute &apos;proxyBeanMethods&apos; in annotation [org.springframework.boot.autoconfigure.SpringBootApplication] is declared as an @AliasFor nonexistent attribute &apos;proxyBeanMethods&apos; in annotation [org.springframework.context.annotation.Configuration]." type="org.springframework.beans.factory.BeanDefinitionStoreException">org.springframework.beans.factory.BeanDefinitionStoreException: Failed to read candidate component class: file [C:\Users\OZAN\Documents\RestApp\RestApp\target\classes\com\finartz\RestApp\RestAppApplication.class]; nested exception is org.springframework.core.annotation.AnnotationConfigurationException: Attribute 'proxyBeanMethods' in annotation [org.springframework.boot.autoconfigure.SpringBootApplication] is declared as an @AliasFor nonexistent attribute 'proxyBeanMethods' in annotation [org.springframework.context.annotation.Configuration].
Caused by: org.springframework.core.annotation.AnnotationConfigurationException: Attribute 'proxyBeanMethods' in annotation [org.springframework.boot.autoconfigure.SpringBootApplication] is declared as an @AliasFor nonexistent attribute 'proxyBeanMethods' in annotation [org.springframework.context.annotation.Configuration].
</error>
    <system-out><![CDATA[14:07:51.431 [main] DEBUG org.springframework.test.context.BootstrapUtils - Instantiating CacheAwareContextLoaderDelegate from class [org.springframework.test.context.cache.DefaultCacheAwareContextLoaderDelegate]
14:07:51.444 [main] DEBUG org.springframework.test.context.BootstrapUtils - Instantiating BootstrapContext using constructor [public org.springframework.test.context.support.DefaultBootstrapContext(java.lang.Class,org.springframework.test.context.CacheAwareContextLoaderDelegate)]
14:07:51.480 [main] DEBUG org.springframework.test.context.BootstrapUtils - Instantiating TestContextBootstrapper for test class [com.finartz.RestApp.RestAppApplicationTests] from class [org.springframework.boot.test.context.SpringBootTestContextBootstrapper]
14:07:51.491 [main] INFO org.springframework.boot.test.context.SpringBootTestContextBootstrapper - Neither @ContextConfiguration nor @ContextHierarchy found for test class [com.finartz.RestApp.RestAppApplicationTests], using SpringBootContextLoader
14:07:51.495 [main] DEBUG org.springframework.test.context.support.AbstractContextLoader - Did not detect default resource location for test class [com.finartz.RestApp.RestAppApplicationTests]: class path resource [com/finartz/RestApp/RestAppApplicationTests-context.xml] does not exist
14:07:51.496 [main] DEBUG org.springframework.test.context.support.AbstractContextLoader - Did not detect default resource location for test class [com.finartz.RestApp.RestAppApplicationTests]: class path resource [com/finartz/RestApp/RestAppApplicationTestsContext.groovy] does not exist
14:07:51.496 [main] INFO org.springframework.test.context.support.AbstractContextLoader - Could not detect default resource locations for test class [com.finartz.RestApp.RestAppApplicationTests]: no resource found for suffixes {-context.xml, Context.groovy}.
14:07:51.497 [main] INFO org.springframework.test.context.support.AnnotationConfigContextLoaderUtils - Could not detect default configuration classes for test class [com.finartz.RestApp.RestAppApplicationTests]: RestAppApplicationTests does not declare any static, non-private, non-final, nested classes annotated with @Configuration.
14:07:51.553 [main] DEBUG org.springframework.test.context.support.ActiveProfilesUtils - Could not find an 'annotation declaring class' for annotation type [org.springframework.test.context.ActiveProfiles] and class [com.finartz.RestApp.RestAppApplicationTests]
]]></system-out>
  </testcase>
</testsuite>